<?xml version="1.0" encoding="UTF-8"?>
<!-- Generated by org.testng.reporters.JUnitReportReporter -->
<testsuite hostname="RACD-002157" name="RoughWork.DateClick" tests="1" failures="0" timestamp="4 Jun 2019 10:17:15 GMT" time="0.559" errors="0">
  <testcase name="ClickOnDate" time="0.559" classname="RoughWork.DateClick"/>
</testsuite> <!-- RoughWork.DateClick -->
