<?xml version="1.0" encoding="UTF-8"?>
<!-- Generated by org.testng.reporters.JUnitReportReporter -->
<testsuite hostname="RACD-002157" name="com.java.framework.TestClasses.DataDrivenTestDemo" tests="1" failures="0" timestamp="4 Jul 2019 06:23:02 GMT" time="296.737" errors="0">
  <testcase name="LoginTest" time="296.737" classname="com.java.framework.TestClasses.DataDrivenTestDemo"/>
</testsuite> <!-- com.java.framework.TestClasses.DataDrivenTestDemo -->
