<?xml version="1.0" encoding="UTF-8"?>
<!-- Generated by org.testng.reporters.JUnitReportReporter -->
<testsuite hostname="RACD-002157" name="com.java.framework.TestClasses.JDBCTestDemo" tests="1" failures="0" timestamp="4 Jun 2019 11:56:59 GMT" time="33.553" errors="0">
  <testcase name="ToFetchAllTableNameFromDB" time="33.553" classname="com.java.framework.TestClasses.JDBCTestDemo"/>
</testsuite> <!-- com.java.framework.TestClasses.JDBCTestDemo -->
