<?xml version="1.0" encoding="UTF-8"?>
<!-- Generated by org.testng.reporters.JUnitReportReporter -->
<testsuite hostname="RACD-002157" name="com.java.framework.TestClasses.ImageStoreBasisOnWebElement" tests="1" failures="1" timestamp="3 Jul 2019 11:47:26 GMT" time="865.131" errors="0">
  <testcase name="ImageReader" time="865.131" classname="com.java.framework.TestClasses.ImageStoreBasisOnWebElement">
    <failure type="java.lang.Error" message="Invalid memory access">
      <![CDATA[java.lang.Error: Invalid memory access
	at com.sun.jna.Native.invokePointer(Native Method)
	at com.sun.jna.Function.invokePointer(Function.java:496)
	at com.sun.jna.Function.invoke(Function.java:440)
	at com.sun.jna.Function.invoke(Function.java:360)
	at com.sun.jna.Library$Handler.invoke(Library.java:244)
	at com.sun.proxy.$Proxy6.TessBaseAPIGetUTF8Text(Unknown Source)
	at net.sourceforge.tess4j.Tesseract.getOCRText(Tesseract.java:502)
	at net.sourceforge.tess4j.Tesseract.doOCR(Tesseract.java:358)
	at net.sourceforge.tess4j.Tesseract.doOCR(Tesseract.java:227)
	at net.sourceforge.tess4j.Tesseract.doOCR(Tesseract.java:194)
	at com.java.framework.TestClasses.ImageStoreBasisOnWebElement.ImageReader(ImageStoreBasisOnWebElement.java:51)
	at sun.reflect.NativeMethodAccessorImpl.invoke0(Native Method)
	at sun.reflect.NativeMethodAccessorImpl.invoke(NativeMethodAccessorImpl.java:62)
	at sun.reflect.DelegatingMethodAccessorImpl.invoke(DelegatingMethodAccessorImpl.java:43)
	at java.lang.reflect.Method.invoke(Method.java:498)
	at org.testng.internal.MethodInvocationHelper.invokeMethod(MethodInvocationHelper.java:80)
	at org.testng.internal.Invoker.invokeMethod(Invoker.java:714)
	at org.testng.internal.Invoker.invokeTestMethod(Invoker.java:901)
	at org.testng.internal.Invoker.invokeTestMethods(Invoker.java:1231)
	at org.testng.internal.TestMethodWorker.invokeTestMethods(TestMethodWorker.java:127)
	at org.testng.internal.TestMethodWorker.run(TestMethodWorker.java:111)
	at org.testng.TestRunner.privateRun(TestRunner.java:767)
	at org.testng.TestRunner.run(TestRunner.java:617)
	at org.testng.SuiteRunner.runTest(SuiteRunner.java:334)
	at org.testng.SuiteRunner.runSequentially(SuiteRunner.java:329)
	at org.testng.SuiteRunner.privateRun(SuiteRunner.java:291)
	at org.testng.SuiteRunner.run(SuiteRunner.java:240)
	at org.testng.SuiteRunnerWorker.runSuite(SuiteRunnerWorker.java:52)
	at org.testng.SuiteRunnerWorker.run(SuiteRunnerWorker.java:86)
	at org.testng.TestNG.runSuitesSequentially(TestNG.java:1198)
	at org.testng.TestNG.runSuitesLocally(TestNG.java:1123)
	at org.testng.TestNG.run(TestNG.java:1031)
	at org.testng.remote.AbstractRemoteTestNG.run(AbstractRemoteTestNG.java:115)
	at org.testng.remote.RemoteTestNG.initAndRun(RemoteTestNG.java:251)
	at org.testng.remote.RemoteTestNG.main(RemoteTestNG.java:77)
]]>
    </failure>
  </testcase> <!-- ImageReader -->
</testsuite> <!-- com.java.framework.TestClasses.ImageStoreBasisOnWebElement -->
