<?xml version="1.0" encoding="UTF-8"?>
<!-- Generated by org.testng.reporters.JUnitReportReporter -->
<testsuite hostname="RACD-002157" name="com.java.framework.TestClasses.GmailLoginTestDemo" tests="2" failures="0" timestamp="22 Apr 2019 05:03:28 GMT" time="10.008" errors="0">
  <testcase name="GmailLogin" time="5.743" classname="com.java.framework.TestClasses.GmailLoginTestDemo"/>
  <testcase name="GmailLoginout" time="4.265" classname="com.java.framework.TestClasses.GmailLoginTestDemo"/>
</testsuite> <!-- com.java.framework.TestClasses.GmailLoginTestDemo -->
